2025-05-08 11:14:52,785 INFO main [JavaFX Application Thread] Starting up application...
2025-05-08 11:14:52,795 INFO main [JavaFX Application Thread] Setting up primary stage (setTitle)...
2025-05-08 11:14:52,796 INFO main [JavaFX Application Thread] Setting up primary stage (setIcon)...
2025-05-08 11:14:52,877 INFO main [JavaFX Application Thread] Setting up primary stage (loadLoginScene)...
2025-05-08 11:14:52,880 INFO loader [JavaFX Application Thread] Loading scene from path: /views/login.fxml
2025-05-08 11:14:53,386 INFO loader [JavaFX Application Thread] Scene loaded successfully: /views/login.fxml
2025-05-08 11:14:53,386 INFO main [JavaFX Application Thread] Done setting up primary stage! Showing primary stage...
2025-05-08 11:14:53,746 INFO main [JavaFX Application Thread] Done showing primary stage!
2025-05-08 11:15:25,120 INFO loader [JavaFX Application Thread] Loading scene from path: /views/register.fxml
2025-05-08 11:15:25,215 INFO loader [JavaFX Application Thread] Scene loaded successfully: /views/register.fxml
2025-05-08 11:16:41,427 INFO main [main] Exiting application...
2025-05-08 11:35:47,577 INFO main [JavaFX Application Thread] Starting up application...
2025-05-08 11:35:47,579 INFO main [JavaFX Application Thread] Setting up primary stage (setTitle)...
2025-05-08 11:35:47,580 INFO main [JavaFX Application Thread] Setting up primary stage (setIcon)...
2025-05-08 11:35:47,666 INFO main [JavaFX Application Thread] Setting up primary stage (loadLoginScene)...
2025-05-08 11:35:47,668 INFO loader [JavaFX Application Thread] Loading scene from path: /views/login.fxml
2025-05-08 11:35:48,179 INFO loader [JavaFX Application Thread] Scene loaded successfully: /views/login.fxml
2025-05-08 11:35:48,179 INFO main [JavaFX Application Thread] Done setting up primary stage! Showing primary stage...
2025-05-08 11:35:48,560 INFO main [JavaFX Application Thread] Done showing primary stage!
2025-05-08 11:36:46,570 INFO loader [JavaFX Application Thread] Loading scene from path: /views/usermenu.fxml
2025-05-08 11:36:46,665 INFO loader [JavaFX Application Thread] Scene loaded successfully: /views/usermenu.fxml
2025-05-08 11:37:18,403 INFO loader [JavaFX Application Thread] Loading scene from path: /views/login.fxml
2025-05-08 11:37:18,455 INFO loader [JavaFX Application Thread] Scene loaded successfully: /views/login.fxml
2025-05-08 11:37:56,041 INFO main [main] Exiting application...
